<?xml version="1.0" encoding="utf-8"?><testsuites name="pytest tests"><testsuite name="pytest" errors="0" failures="0" skipped="7" tests="491" time="52.833" timestamp="2026-02-22T19:15:35.925550+00:00" hostname="ec004f821826"><testcase classname="workbench.tests.benchmarks.test_eager_loading_budget" name="test_eager_loading_scales_o1_small_dataset" time="0.427" /><testcase classname="workbench.tests.benchmarks.test_eager_loading_budget" name="test_eager_loading_scales_o1_large_dataset" time="5.005" /><testcase classname="workbench.tests.benchmarks.test_eager_loading_budget" name="test_query_budget_consistency_across_scales" time="7.584" /><testcase classname="workbench.tests.benchmarks.test_eager_loading_budget" name="test_nested_eager_loading_budget" time="0.496" /><testcase classname="workbench.tests.benchmarks.test_eager_loading_budget" name="test_nested_eager_loading_scales_o1" time="5.406" /><testcase classname="workbench.tests.benchmarks.test_eager_loading_budget" name="test_multiple_relationship_eager_loading_budget" time="0.178" /><testcase classname="workbench.tests.benchmarks.test_eager_loading_budget" name="test_no_eager_loading_causes_n_plus_1" time="0.120" /><testcase classname="workbench.tests.benchmarks.test_eager_loading_budget" name="test_global_scope_does_not_add_queries" time="0.081" /><testcase classname="workbench.tests.benchmarks.test_eager_loading_budget" name="test_where_has_does_not_cause_n_plus_1" time="0.193" /><testcase classname="workbench.tests.cli.test_make_commands" name="test_make_model" time="0.238" /><testcase classname="workbench.tests.cli.test_make_commands" name="test_make_repository" time="0.037" /><testcase classname="workbench.tests.cli.test_make_commands" name="test_make_controller" time="0.037" /><testcase classname="workbench.tests.cli.test_make_commands" name="test_make_provider" time="0.036" /><testcase classname="workbench.tests.cli.test_make_commands" name="test_make_existing_file_fails_without_force" time="0.069" /><testcase classname="workbench.tests.cli.test_make_commands" name="test_make_force_overwrites" time="0.068" /><testcase classname="workbench.tests.contract.test_sql_generation" name="test_simple_select_generates_correct_sql" time="0.052" /><testcase classname="workbench.tests.contract.test_sql_generation" name="test_where_clause_generates_correct_sql" time="0.053" /><testcase classname="workbench.tests.contract.test_sql_generation" name="test_order_by_generates_correct_sql" time="0.056" /><testcase classname="workbench.tests.contract.test_sql_generation" name="test_limit_offset_generates_correct_sql" time="0.053" /><testcase classname="workbench.tests.contract.test_sql_generation" name="test_multiple_where_clauses_generate_and_logic" time="0.054" /><testcase classname="workbench.tests.contract.test_sql_generation" name="test_global_scope_adds_deleted_at_filter" time="0.053" /><testcase classname="workbench.tests.contract.test_sql_generation" name="test_with_trashed_removes_deleted_at_filter" time="0.053" /><testcase classname="workbench.tests.contract.test_sql_generation" name="test_only_trashed_adds_deleted_at_not_null_filter" time="0.052" /><testcase classname="workbench.tests.contract.test_sql_generation" name="test_where_has_generates_exists_subquery" time="0.054" /><testcase classname="workbench.tests.contract.test_sql_generation" name="test_where_has_with_where_combines_correctly" time="0.058" /><testcase classname="workbench.tests.contract.test_sql_generation" name="test_local_scope_applies_conditions" time="0.053" /><testcase classname="workbench.tests.contract.test_sql_generation" name="test_chained_scopes_combine_conditions" time="0.052" /><testcase classname="workbench.tests.contract.test_sql_generation" name="test_nested_eager_loading_structure" time="0.053" /><testcase classname="workbench.tests.contract.test_sql_generation" name="test_multiple_nested_paths_set_up_correctly" time="0.055" /><testcase classname="workbench.tests.contract.test_sql_generation" name="test_parameterized_queries_prevent_sql_injection" time="0.050" /><testcase classname="workbench.tests.contract.test_sql_generation" name="test_query_complexity_stays_bounded" time="0.056" /><testcase classname="workbench.tests.contract.test_sql_generation" name="test_simple_query_matches_baseline" time="0.055" /><testcase classname="workbench.tests.contract.test_sql_generation" name="test_order_by_direction_contract" time="0.053" /><testcase classname="workbench.tests.contract.test_sql_generation" name="test_latest_uses_desc_not_asc" time="0.055" /><testcase classname="workbench.tests.contract.test_sql_generation" name="test_oldest_uses_asc_not_desc" time="0.052" /><testcase classname="workbench.tests.integration.test_database_integration" name="test_database_session_injection" time="0.072" /><testcase classname="workbench.tests.integration.test_database_integration" name="test_repository_injection" time="0.067" /><testcase classname="workbench.tests.integration.test_database_integration" name="test_create_user_via_http" time="0.067" /><testcase classname="workbench.tests.integration.test_database_integration" name="test_read_user_via_http" time="0.082" /><testcase classname="workbench.tests.integration.test_database_integration" name="test_update_user_via_http" time="0.082" /><testcase classname="workbench.tests.integration.test_database_integration" name="test_delete_user_via_http" time="0.098" /><testcase classname="workbench.tests.integration.test_database_integration" name="test_scoped_session_same_within_request" time="0.062" /><testcase classname="workbench.tests.integration.test_database_integration" name="test_scoped_session_different_between_requests" time="0.061" /><testcase classname="workbench.tests.integration.test_database_integration" name="test_find_or_fail_returns_404" time="0.070" /><testcase classname="workbench.tests.integration.test_http_integration" name="test_app_instantiation_with_container" time="0.004" /><testcase classname="workbench.tests.integration.test_http_integration" name="test_dependency_injection_basic" time="0.020" /><testcase classname="workbench.tests.integration.test_http_integration" name="test_dependency_injection_nested" time="0.019" /><testcase classname="workbench.tests.integration.test_http_integration" name="test_singleton_scope" time="0.039" /><testcase classname="workbench.tests.integration.test_http_integration" name="test_transient_scope" time="0.034" /><testcase classname="workbench.tests.integration.test_http_integration" name="test_scoped_dependency_lifecycle" time="0.033" /><testcase classname="workbench.tests.integration.test_http_integration" name="test_multiple_routes_with_dependencies" time="0.043" /><testcase classname="workbench.tests.integration.test_http_integration" name="test_container_registration_convenience_method" time="0.018" /><testcase classname="workbench.tests.integration.test_http_integration" name="test_app_lifespan_events" time="0.083" /><testcase classname="workbench.tests.integration.test_product_crud" name="test_health_check" time="0.093" /><testcase classname="workbench.tests.integration.test_product_crud" name="test_api_index" time="0.103" /><testcase classname="workbench.tests.integration.test_product_crud" name="test_create_product" time="0.118" /><testcase classname="workbench.tests.integration.test_product_crud" name="test_create_product_validation_error_empty_name" time="0.107" /><testcase classname="workbench.tests.integration.test_product_crud" name="test_create_product_validation_error_invalid_slug" time="0.106" /><testcase classname="workbench.tests.integration.test_product_crud" name="test_create_product_validation_error_negative_price" time="0.102" /><testcase classname="workbench.tests.integration.test_product_crud" name="test_list_products" time="0.121" /><testcase classname="workbench.tests.integration.test_product_crud" name="test_get_product_by_id" time="0.144" /><testcase classname="workbench.tests.integration.test_product_crud" name="test_get_product_by_slug" time="0.121" /><testcase classname="workbench.tests.integration.test_product_crud" name="test_get_product_not_found" time="0.123" /><testcase classname="workbench.tests.integration.test_product_crud" name="test_update_product" time="0.150" /><testcase classname="workbench.tests.integration.test_product_crud" name="test_partial_update_product" time="0.136" /><testcase classname="workbench.tests.integration.test_product_crud" name="test_delete_product" time="0.123" /><testcase classname="workbench.tests.integration.test_product_crud" name="test_search_products" time="0.119" /><testcase classname="workbench.tests.integration.test_product_crud" name="test_low_stock_products" time="0.121" /><testcase classname="workbench.tests.integration.test_product_endpoints.TestProductCreate" name="test_create_product_success" time="0.058" /><testcase classname="workbench.tests.integration.test_product_endpoints.TestProductCreate" name="test_create_product_duplicate_slug" time="0.068" /><testcase classname="workbench.tests.integration.test_product_endpoints.TestProductCreate" name="test_create_product_invalid_price" time="0.004" /><testcase classname="workbench.tests.integration.test_product_endpoints.TestProductCreate" name="test_create_product_negative_stock" time="0.004" /><testcase classname="workbench.tests.integration.test_product_endpoints.TestProductRetrieve" name="test_get_all_products" time="0.066" /><testcase classname="workbench.tests.integration.test_product_endpoints.TestProductRetrieve" name="test_get_product_by_id" time="0.064" /><testcase classname="workbench.tests.integration.test_product_endpoints.TestProductRetrieve" name="test_get_product_by_slug" time="0.067" /><testcase classname="workbench.tests.integration.test_product_endpoints.TestProductRetrieve" name="test_get_nonexistent_product" time="0.059" /><testcase classname="workbench.tests.integration.test_product_endpoints.TestProductRetrieve" name="test_find_or_fail_raises" time="0.055" /><testcase classname="workbench.tests.integration.test_product_endpoints.TestProductUpdate" name="test_update_product_success" time="0.062" /><testcase classname="workbench.tests.integration.test_product_endpoints.TestProductUpdate" name="test_update_product_same_slug" time="0.075" /><testcase classname="workbench.tests.integration.test_product_endpoints.TestProductUpdate" name="test_update_product_duplicate_slug" time="0.076" /><testcase classname="workbench.tests.integration.test_product_endpoints.TestProductDelete" name="test_delete_product_success" time="0.068" /><testcase classname="workbench.tests.integration.test_product_endpoints.TestProductSearch" name="test_search_by_name" time="0.071" /><testcase classname="workbench.tests.integration.test_product_endpoints.TestProductSearch" name="test_search_by_description" time="0.070" /><testcase classname="workbench.tests.integration.test_product_endpoints.TestProductSearch" name="test_search_no_results" time="0.060" /><testcase classname="workbench.tests.integration.test_product_endpoints.TestProductStock" name="test_get_low_stock_products" time="0.066" /><testcase classname="workbench.tests.integration.test_product_endpoints.TestProductStock" name="test_update_stock" time="0.073" /><testcase classname="workbench.tests.integration.test_relationships_cascade" name="test_deleting_user_raises_integrity_error_for_posts" time="0.084" /><testcase classname="workbench.tests.integration.test_relationships_cascade" name="test_deleting_post_cascades_to_comments" time="0.090" /><testcase classname="workbench.tests.integration.test_relationships_cascade" name="test_orphan_removal_with_cascade" time="0.085" /><testcase classname="workbench.tests.integration.test_relationships_cascade" name="test_three_level_cascade_user_post_comment" time="0.079" /><testcase classname="workbench.tests.integration.test_relationships_cascade" name="test_bulk_cascade_delete" time="0.208" /><testcase classname="workbench.tests.integration.test_relationships_cascade" name="test_repository_delete_cascades_correctly" time="0.082" /><testcase classname="workbench.tests.integration.test_relationships_n_plus_one" name="test_lazy_raise_prevents_n_plus_one" time="0.132" /><testcase classname="workbench.tests.integration.test_relationships_n_plus_one" name="test_eager_loading_with_selectinload_uses_2_queries" time="0.138" /><testcase classname="workbench.tests.integration.test_relationships_n_plus_one" name="test_eager_loading_with_joinedload_uses_1_query" time="0.147" /><testcase classname="workbench.tests.integration.test_relationships_n_plus_one" name="test_without_eager_loading_would_cause_n_plus_one" time="0.135" /><testcase classname="workbench.tests.integration.test_relationships_n_plus_one" name="test_multiple_relationships_eager_loading" time="0.087" /><testcase classname="workbench.tests.integration.test_relationships_n_plus_one" name="test_query_counter_utility_accuracy" time="0.069" /><testcase classname="workbench.tests.integration.test_welcome_controller" name="test_root_endpoint" time="0.039" /><testcase classname="workbench.tests.integration.test_welcome_controller" name="test_info_endpoint" time="0.016" /><testcase classname="workbench.tests.integration.test_welcome_controller" name="test_health_endpoint" time="0.017" /><testcase classname="workbench.tests.integration.test_welcome_controller" name="test_all_endpoints_with_same_client" time="0.039" /><testcase classname="workbench.tests.unit.test_container" name="test_resolve_service_without_dependencies" time="0.004" /><testcase classname="workbench.tests.unit.test_container" name="test_resolve_unregistered_service_creates_instance" time="0.003" /><testcase classname="workbench.tests.unit.test_container" name="test_resolve_with_interface_mapping" time="0.003" /><testcase classname="workbench.tests.unit.test_container" name="test_resolve_single_level_dependency" time="0.003" /><testcase classname="workbench.tests.unit.test_container" name="test_resolve_nested_dependencies" time="0.003" /><testcase classname="workbench.tests.unit.test_container" name="test_resolve_multiple_dependencies" time="0.004" /><testcase classname="workbench.tests.unit.test_container" name="test_singleton_returns_same_instance" time="0.003" /><testcase classname="workbench.tests.unit.test_container" name="test_singleton_shared_across_dependents" time="0.004" /><testcase classname="workbench.tests.unit.test_container" name="test_transient_returns_new_instance" time="0.003" /><testcase classname="workbench.tests.unit.test_container" name="test_default_scope_is_transient" time="0.003" /><testcase classname="workbench.tests.unit.test_container" name="test_scoped_returns_same_instance_in_scope" time="0.003" /><testcase classname="workbench.tests.unit.test_container" name="test_scoped_returns_different_instance_across_scopes" time="0.003" /><testcase classname="workbench.tests.unit.test_container" name="test_circular_dependency_detection" time="0.003" /><testcase classname="workbench.tests.unit.test_container" name="test_missing_type_hints_error" time="0.003" /><testcase classname="workbench.tests.unit.test_container" name="test_nested_resolution_error_context" time="0.003" /><testcase classname="workbench.tests.unit.test_container" name="test_resolve_same_type_multiple_times" time="0.003" /><testcase classname="workbench.tests.unit.test_container" name="test_reset_singletons" time="0.003" /><testcase classname="workbench.tests.unit.test_container" name="test_is_registered" time="0.003" /><testcase classname="workbench.tests.unit.test_container" name="test_optional_dependency" time="0.003" /><testcase classname="workbench.tests.unit.test_container" name="test_realistic_dependency_graph" time="0.004" /><testcase classname="workbench.tests.unit.test_container" name="test_mixed_scopes_in_chain" time="0.003" /><testcase classname="workbench.tests.unit.test_container" name="test_resolution_performance" time="0.003"><skipped type="pytest.skip" message="pytest-benchmark not installed">/app/larafast/workbench/tests/unit/test_container.py:434: pytest-benchmark not installed</skipped></testcase><testcase classname="workbench.tests.unit.test_container" name="test_container_docstring" time="0.003" /><testcase classname="workbench.tests.unit.test_container" name="test_resolve_docstring" time="0.002" /><testcase classname="workbench.tests.unit.test_container_async" name="test_scoped_isolation_between_concurrent_tasks" time="0.007" /><testcase classname="workbench.tests.unit.test_container_async" name="test_scoped_same_instance_within_task" time="0.006" /><testcase classname="workbench.tests.unit.test_container_async" name="test_scoped_no_race_condition_on_first_resolve" time="0.005" /><testcase classname="workbench.tests.unit.test_container_async" name="test_scoped_high_concurrency" time="0.023" /><testcase classname="workbench.tests.unit.test_container_async" name="test_scoped_with_singleton_under_concurrency" time="0.007" /><testcase classname="workbench.tests.unit.test_container_async" name="test_nested_scoped_dependencies" time="0.009" /><testcase classname="workbench.tests.unit.test_container_async" name="test_contextvar_isolation_with_task_cancellation" time="0.016" /><testcase classname="workbench.tests.unit.test_container_async" name="test_scoped_cache_isolation_after_clear" time="0.027" /><testcase classname="workbench.tests.unit.test_container_async" name="test_scoped_performance_under_load" time="0.007" /><testcase classname="workbench.tests.unit.test_container_async" name="test_scoped_without_setting_cache_fails_gracefully" time="0.005" /><testcase classname="workbench.tests.unit.test_container_async" name="test_scoped_with_empty_cache_initialization" time="0.006" /><testcase classname="workbench.tests.unit.test_container_async" name="test_scoped_simulating_fastapi_request_lifecycle" time="0.009" /><testcase classname="workbench.tests.unit.test_container_lifecycle" name="test_scoped_resource_not_cleaned_up_current_behavior" time="0.005" /><testcase classname="workbench.tests.unit.test_container_lifecycle" name="test_multiple_scoped_resources_leak" time="0.006" /><testcase classname="workbench.tests.unit.test_container_lifecycle" name="test_singleton_resource_not_disposed_on_shutdown" time="0.006" /><testcase classname="workbench.tests.unit.test_container_lifecycle" name="test_scoped_cleanup_calls_close_method" time="0.006" /><testcase classname="workbench.tests.unit.test_container_lifecycle" name="test_context_manager_support" time="0.006" /><testcase classname="workbench.tests.unit.test_container_lifecycle" name="test_dispose_all_singletons" time="0.006" /><testcase classname="workbench.tests.unit.test_container_lifecycle" name="test_nested_dependencies_all_disposed" time="0.006" /><testcase classname="workbench.tests.unit.test_container_lifecycle" name="test_partial_disposal_on_error" time="0.001"><skipped type="pytest.skip" message="Lifecycle management not implemented yet">/app/larafast/workbench/tests/unit/test_container_lifecycle.py:318: Lifecycle management not implemented yet</skipped></testcase><testcase classname="workbench.tests.unit.test_container_lifecycle" name="test_disposal_order_respects_dependencies" time="0.001"><skipped type="pytest.skip" message="Lifecycle management not implemented yet">/app/larafast/workbench/tests/unit/test_container_lifecycle.py:334: Lifecycle management not implemented yet</skipped></testcase><testcase classname="workbench.tests.unit.test_container_lifecycle" name="test_resource_without_cleanup_method_is_fine" time="0.005" /><testcase classname="workbench.tests.unit.test_container_lifecycle" name="test_sync_close_method" time="0.006" /><testcase classname="workbench.tests.unit.test_container_lifecycle" name="test_fastapi_middleware_pattern" time="0.016" /><testcase classname="workbench.tests.unit.test_container_override" name="test_cannot_mock_dependencies_without_override" time="0.004" /><testcase classname="workbench.tests.unit.test_container_override" name="test_cannot_swap_implementation_at_runtime" time="0.004" /><testcase classname="workbench.tests.unit.test_container_override" name="test_override_single_dependency" time="0.004" /><testcase classname="workbench.tests.unit.test_container_override" name="test_override_affects_dependent_services" time="0.004" /><testcase classname="workbench.tests.unit.test_container_override" name="test_override_can_be_reset" time="0.004" /><testcase classname="workbench.tests.unit.test_container_override" name="test_override_works_with_singleton_scope" time="0.004" /><testcase classname="workbench.tests.unit.test_container_override" name="test_override_works_with_scoped" time="0.004" /><testcase classname="workbench.tests.unit.test_container_override" name="test_override_works_with_transient" time="0.004" /><testcase classname="workbench.tests.unit.test_container_override" name="test_multiple_overrides" time="0.003" /><testcase classname="workbench.tests.unit.test_container_override" name="test_override_with_instance" time="0.004" /><testcase classname="workbench.tests.unit.test_container_override" name="test_override_context_manager" time="0.006" /><testcase classname="workbench.tests.unit.test_container_override" name="test_override_priority" time="0.004" /><testcase classname="workbench.tests.unit.test_container_override" name="test_override_unregistered_type" time="0.004" /><testcase classname="workbench.tests.unit.test_container_override" name="test_reset_specific_override" time="0.004" /><testcase classname="workbench.tests.unit.test_container_override" name="test_realistic_testing_scenario" time="0.005" /><testcase classname="workbench.tests.unit.test_deferred_providers.TestDeferredServiceProvider" name="test_deferred_provider_requires_provides" time="0.004" /><testcase classname="workbench.tests.unit.test_deferred_providers.TestDeferredServiceProvider" name="test_deferred_provider_valid_with_provides" time="0.004" /><testcase classname="workbench.tests.unit.test_deferred_providers.TestContainerDeferredSupport" name="test_add_deferred_maps_service_to_provider" time="0.003" /><testcase classname="workbench.tests.unit.test_deferred_providers.TestContainerDeferredSupport" name="test_deferred_provider_not_loaded_initially" time="0.003" /><testcase classname="workbench.tests.unit.test_deferred_providers.TestContainerDeferredSupport" name="test_resolve_loads_deferred_provider" time="0.004" /><testcase classname="workbench.tests.unit.test_deferred_providers.TestContainerDeferredSupport" name="test_deferred_provider_register_called" time="0.003" /><testcase classname="workbench.tests.unit.test_deferred_providers.TestContainerDeferredSupport" name="test_deferred_provider_boot_called" time="0.004" /><testcase classname="workbench.tests.unit.test_deferred_providers.TestContainerDeferredSupport" name="test_deferred_provider_loaded_only_once" time="0.003" /><testcase classname="workbench.tests.unit.test_deferred_providers.TestContainerDeferredSupport" name="test_deferred_provider_with_multiple_services" time="0.003" /><testcase classname="workbench.tests.unit.test_deferred_providers.TestAsyncBootDeferredProvider" name="test_async_boot_called_on_deferred_load" time="0.005" /><testcase classname="workbench.tests.unit.test_events" name="test_dispatcher_registers_listener" time="0.005" /><testcase classname="workbench.tests.unit.test_events" name="test_dispatcher_registers_multiple_listeners" time="0.005" /><testcase classname="workbench.tests.unit.test_events" name="test_dispatcher_unregisters_listener" time="0.004" /><testcase classname="workbench.tests.unit.test_events" name="test_dispatcher_clears_all_listeners" time="0.005" /><testcase classname="workbench.tests.unit.test_events" name="test_dispatch_executes_single_listener" time="0.005" /><testcase classname="workbench.tests.unit.test_events" name="test_dispatch_executes_multiple_listeners" time="0.005" /><testcase classname="workbench.tests.unit.test_events" name="test_dispatch_with_no_listeners_does_nothing" time="0.005" /><testcase classname="workbench.tests.unit.test_events" name="test_listener_with_dependency_injection" time="0.006" /><testcase classname="workbench.tests.unit.test_events" name="test_failing_listener_does_not_stop_other_listeners" time="0.006" /><testcase classname="workbench.tests.unit.test_events" name="test_dispatch_helper_function" time="0.006" /><testcase classname="workbench.tests.unit.test_events" name="test_dispatch_helper_raises_without_container" time="0.005" /><testcase classname="workbench.tests.unit.test_events" name="test_listeners_execute_concurrently" time="0.106" /><testcase classname="workbench.tests.unit.test_events" name="test_exception_should_propagate_when_should_propagate_true" time="0.005" /><testcase classname="workbench.tests.unit.test_events" name="test_exception_does_not_propagate_when_should_propagate_false" time="0.005" /><testcase classname="workbench.tests.unit.test_events" name="test_exception_in_multiple_listeners_with_should_propagate_true" time="0.005" /><testcase classname="workbench.tests.unit.test_events" name="test_exception_in_multiple_listeners_with_should_propagate_false" time="0.004" /><testcase classname="workbench.tests.unit.test_events" name="test_event_service_provider_registers_event_dispatcher" time="0.006" /><testcase classname="workbench.tests.unit.test_events" name="test_event_service_provider_registers_multiple_events" time="0.005" /><testcase classname="workbench.tests.unit.test_events" name="test_event_service_provider_with_dependency_injection" time="0.005" /><testcase classname="workbench.tests.unit.test_events" name="test_complete_event_flow_with_exception_handling" time="0.005" /><testcase classname="workbench.tests.unit.test_factories" name="test_factory_make_creates_unpersisted_instance" time="0.111" /><testcase classname="workbench.tests.unit.test_factories" name="test_factory_make_accepts_attribute_overrides" time="0.100" /><testcase classname="workbench.tests.unit.test_factories" name="test_factory_create_persists_to_database" time="0.111" /><testcase classname="workbench.tests.unit.test_factories" name="test_factory_create_accepts_attribute_overrides" time="0.104" /><testcase classname="workbench.tests.unit.test_factories" name="test_factory_create_batch_creates_multiple_records" time="0.140" /><testcase classname="workbench.tests.unit.test_factories" name="test_factory_create_batch_accepts_shared_attributes" time="0.115" /><testcase classname="workbench.tests.unit.test_factories" name="test_factory_state_modifies_attributes" time="0.138" /><testcase classname="workbench.tests.unit.test_factories" name="test_factory_state_can_chain_multiple_modifiers" time="0.277" /><testcase classname="workbench.tests.unit.test_factories" name="test_factory_state_does_not_mutate_original_factory" time="0.216" /><testcase classname="workbench.tests.unit.test_factories" name="test_factory_reset_clears_states" time="0.153" /><testcase classname="workbench.tests.unit.test_factories" name="test_factory_has_posts_creates_related_posts" time="0.256" /><testcase classname="workbench.tests.unit.test_factories" name="test_factory_relationship_hooks_work_with_batch" time="0.313" /><testcase classname="workbench.tests.unit.test_factories" name="test_factory_with_required_foreign_keys" time="0.141" /><testcase classname="workbench.tests.unit.test_factories" name="test_factory_nested_relationships" time="0.388" /><testcase classname="workbench.tests.unit.test_factories" name="test_factory_faker_generates_unique_data" time="0.113" /><testcase classname="workbench.tests.unit.test_factories" name="test_seeder_run_method_executes" time="0.114" /><testcase classname="workbench.tests.unit.test_factories" name="test_seeder_call_runs_other_seeders" time="0.159" /><testcase classname="workbench.tests.unit.test_factories" name="test_run_seeder_helper_function" time="0.102" /><testcase classname="workbench.tests.unit.test_factories" name="test_run_seeders_helper_runs_multiple_seeders" time="0.152" /><testcase classname="workbench.tests.unit.test_factories" name="test_factory_raises_error_without_model_class" time="0.004" /><testcase classname="workbench.tests.unit.test_factories" name="test_realistic_blog_dataset_creation" time="0.706" /><testcase classname="workbench.tests.unit.test_http_kernel" name="test_app_exception_has_default_status_500" time="0.002" /><testcase classname="workbench.tests.unit.test_http_kernel" name="test_app_exception_accepts_custom_status_code" time="0.002" /><testcase classname="workbench.tests.unit.test_http_kernel" name="test_app_exception_accepts_custom_headers" time="0.002" /><testcase classname="workbench.tests.unit.test_http_kernel" name="test_authentication_error_has_status_401" time="0.002" /><testcase classname="workbench.tests.unit.test_http_kernel" name="test_authentication_error_has_www_authenticate_header" time="0.002" /><testcase classname="workbench.tests.unit.test_http_kernel" name="test_authentication_error_accepts_custom_message" time="0.002" /><testcase classname="workbench.tests.unit.test_http_kernel" name="test_authorization_error_has_status_403" time="0.002" /><testcase classname="workbench.tests.unit.test_http_kernel" name="test_authorization_error_accepts_custom_message" time="0.002" /><testcase classname="workbench.tests.unit.test_http_kernel" name="test_validation_exception_has_status_422" time="0.002" /><testcase classname="workbench.tests.unit.test_http_kernel" name="test_validation_exception_accepts_errors_list" time="0.002" /><testcase classname="workbench.tests.unit.test_http_kernel" name="test_exception_handler_catches_authentication_error" time="0.013" /><testcase classname="workbench.tests.unit.test_http_kernel" name="test_exception_handler_catches_authorization_error" time="0.012" /><testcase classname="workbench.tests.unit.test_http_kernel" name="test_exception_handler_catches_validation_exception" time="0.013" /><testcase classname="workbench.tests.unit.test_http_kernel" name="test_exception_handler_catches_record_not_found" time="0.012" /><testcase classname="workbench.tests.unit.test_http_kernel" name="test_exception_handler_catches_validation_error" time="0.012" /><testcase classname="workbench.tests.unit.test_http_kernel" name="test_exception_handler_is_automatically_registered" time="0.011" /><testcase classname="workbench.tests.unit.test_http_kernel" name="test_configure_cors_with_default_settings" time="0.009" /><testcase classname="workbench.tests.unit.test_http_kernel" name="test_configure_cors_with_custom_origins" time="0.009" /><testcase classname="workbench.tests.unit.test_http_kernel" name="test_configure_cors_reads_from_env_var" time="0.010" /><testcase classname="workbench.tests.unit.test_http_kernel" name="test_configure_gzip_is_applied" time="0.013" /><testcase classname="workbench.tests.unit.test_http_kernel" name="test_configure_trusted_host_with_allowed_hosts" time="0.015" /><testcase classname="workbench.tests.unit.test_http_kernel" name="test_middleware_manager_configures_all" time="0.012" /><testcase classname="workbench.tests.unit.test_http_kernel" name="test_middleware_manager_respects_enable_flags" time="0.011" /><testcase classname="workbench.tests.unit.test_http_kernel" name="test_complete_error_handling_flow" time="0.022" /><testcase classname="workbench.tests.unit.test_http_kernel" name="test_middleware_and_exceptions_work_together" time="0.012" /><testcase classname="workbench.tests.unit.test_i18n" name="test_translator_singleton" time="0.003" /><testcase classname="workbench.tests.unit.test_i18n" name="test_translator_loads_framework_translations" time="0.002" /><testcase classname="workbench.tests.unit.test_i18n" name="test_translator_get_returns_translation" time="0.002" /><testcase classname="workbench.tests.unit.test_i18n" name="test_translator_get_returns_key_if_not_found" time="0.002" /><testcase classname="workbench.tests.unit.test_i18n" name="test_translator_replaces_single_placeholder" time="0.002" /><testcase classname="workbench.tests.unit.test_i18n" name="test_translator_replaces_multiple_placeholders" time="0.002" /><testcase classname="workbench.tests.unit.test_i18n" name="test_translator_set_locale_changes_language" time="0.003" /><testcase classname="workbench.tests.unit.test_i18n" name="test_translator_has_returns_true_for_existing_key" time="0.003" /><testcase classname="workbench.tests.unit.test_i18n" name="test_translator_has_returns_false_for_missing_key" time="0.002" /><testcase classname="workbench.tests.unit.test_i18n" name="test_translator_all_returns_all_translations" time="0.002" /><testcase classname="workbench.tests.unit.test_i18n" name="test_translator_handles_missing_locale_file" time="0.004" /><testcase classname="workbench.tests.unit.test_i18n" name="test_trans_helper_function" time="0.003" /><testcase classname="workbench.tests.unit.test_i18n" name="test_trans_with_placeholders" time="0.003" /><testcase classname="workbench.tests.unit.test_i18n" name="test_t_alias_works" time="0.002" /><testcase classname="workbench.tests.unit.test_i18n" name="test_set_locale_helper_changes_language" time="0.003" /><testcase classname="workbench.tests.unit.test_i18n" name="test_has_helper_checks_existence" time="0.002" /><testcase classname="workbench.tests.unit.test_i18n" name="test_all_translations_helper_returns_dict" time="0.002" /><testcase classname="workbench.tests.unit.test_i18n" name="test_user_translations_override_framework" time="0.005" /><testcase classname="workbench.tests.unit.test_i18n" name="test_placeholder_with_numeric_value" time="0.002" /><testcase classname="workbench.tests.unit.test_i18n" name="test_placeholder_not_replaced_if_not_provided" time="0.002" /><testcase classname="workbench.tests.unit.test_i18n" name="test_empty_placeholder_value" time="0.002" /><testcase classname="workbench.tests.unit.test_i18n" name="test_special_characters_in_translation" time="0.004" /><testcase classname="workbench.tests.unit.test_i18n" name="test_portuguese_translations_loaded" time="0.002" /><testcase classname="workbench.tests.unit.test_i18n" name="test_fallback_to_english_if_translation_missing" time="0.002" /><testcase classname="workbench.tests.unit.test_i18n" name="test_complete_i18n_workflow" time="0.004" /><testcase classname="workbench.tests.unit.test_i18n" name="test_multiple_locale_switches" time="0.004" /><testcase classname="workbench.tests.unit.test_jobs" name="test_set_and_get_container" time="0.002" /><testcase classname="workbench.tests.unit.test_jobs" name="test_get_container_without_set_raises_error" time="0.002" /><testcase classname="workbench.tests.unit.test_jobs" name="test_job_manager_initialize" time="0.005" /><testcase classname="workbench.tests.unit.test_jobs" name="test_job_manager_get_queue_before_initialize_raises_error" time="0.004" /><testcase classname="workbench.tests.unit.test_jobs" name="test_job_manager_get_redis" time="0.003" /><testcase classname="workbench.tests.unit.test_jobs" name="test_job_manager_close" time="0.006" /><testcase classname="workbench.tests.unit.test_jobs" name="test_job_dispatch_enqueues_to_queue" time="0.001"><skipped type="pytest.skip" message="Requires Redis server running">/app/larafast/workbench/tests/unit/test_jobs.py:157: Requires Redis server running</skipped></testcase><testcase classname="workbench.tests.unit.test_jobs" name="test_runner_executes_job_successfully" time="0.006" /><testcase classname="workbench.tests.unit.test_jobs" name="test_runner_with_dependency_injection" time="0.005" /><testcase classname="workbench.tests.unit.test_jobs" name="test_runner_raises_import_error_for_invalid_module" time="0.005" /><testcase classname="workbench.tests.unit.test_jobs" name="test_runner_raises_attribute_error_for_invalid_class" time="0.005" /><testcase classname="workbench.tests.unit.test_jobs" name="test_runner_propagates_job_exceptions" time="0.004" /><testcase classname="workbench.tests.unit.test_jobs" name="test_runner_sets_multiple_payload_attributes" time="0.004" /><testcase classname="workbench.tests.unit.test_jobs" name="test_runner_with_empty_payload" time="0.004" /><testcase classname="workbench.tests.unit.test_jobs" name="test_complete_job_flow" time="0.001"><skipped type="pytest.skip" message="Requires Redis server running">/app/larafast/workbench/tests/unit/test_jobs.py:326: Requires Redis server running</skipped></testcase><testcase classname="workbench.tests.unit.test_jobs" name="test_job_with_dependency_full_flow" time="0.001"><skipped type="pytest.skip" message="Requires Redis server running">/app/larafast/workbench/tests/unit/test_jobs.py:349: Requires Redis server running</skipped></testcase><testcase classname="workbench.tests.unit.test_mail" name="test_array_driver_stores_messages" time="0.004" /><testcase classname="workbench.tests.unit.test_mail" name="test_array_driver_flush" time="0.004" /><testcase classname="workbench.tests.unit.test_mail" name="test_array_driver_get_last" time="0.004" /><testcase classname="workbench.tests.unit.test_mail" name="test_log_driver_logs_email" time="0.006" /><testcase classname="workbench.tests.unit.test_mail" name="test_mailable_subject" time="0.004" /><testcase classname="workbench.tests.unit.test_mail" name="test_mailable_from" time="0.004" /><testcase classname="workbench.tests.unit.test_mail" name="test_mailable_to" time="0.004" /><testcase classname="workbench.tests.unit.test_mail" name="test_mailable_cc_bcc" time="0.005" /><testcase classname="workbench.tests.unit.test_mail" name="test_mailable_text" time="0.005" /><testcase classname="workbench.tests.unit.test_mail" name="test_mailable_html" time="0.004" /><testcase classname="workbench.tests.unit.test_mail" name="test_mailable_attachment" time="0.005" /><testcase classname="workbench.tests.unit.test_mail" name="test_mailable_view_template" time="0.039" /><testcase classname="workbench.tests.unit.test_mail" name="test_mailable_template_not_found" time="0.007" /><testcase classname="workbench.tests.unit.test_mail" name="test_mail_manager_singleton" time="0.004" /><testcase classname="workbench.tests.unit.test_mail" name="test_mail_send" time="0.005" /><testcase classname="workbench.tests.unit.test_mail" name="test_mail_to_fluent_api" time="0.004" /><testcase classname="workbench.tests.unit.test_mail" name="test_pending_mail_multiple_recipients" time="0.004" /><testcase classname="workbench.tests.unit.test_pagination.TestRepositoryPagination" name="test_paginate_returns_paginator_instance" time="0.115" /><testcase classname="workbench.tests.unit.test_pagination.TestRepositoryPagination" name="test_paginate_first_page" time="0.113" /><testcase classname="workbench.tests.unit.test_pagination.TestRepositoryPagination" name="test_paginate_last_page_partial" time="0.112" /><testcase classname="workbench.tests.unit.test_pagination.TestRepositoryPagination" name="test_paginate_empty_results" time="0.059" /><testcase classname="workbench.tests.unit.test_pagination.TestResourceCollectionPagination" name="test_collection_meta" time="0.119" /><testcase classname="workbench.tests.unit.test_query_builder" name="test_where_single_condition" time="0.074" /><testcase classname="workbench.tests.unit.test_query_builder" name="test_where_multiple_conditions_and" time="0.069" /><testcase classname="workbench.tests.unit.test_query_builder" name="test_where_chained_calls" time="0.070" /><testcase classname="workbench.tests.unit.test_query_builder" name="test_or_where_conditions" time="0.070" /><testcase classname="workbench.tests.unit.test_query_builder" name="test_combining_and_with_or" time="0.067" /><testcase classname="workbench.tests.unit.test_query_builder" name="test_where_in_with_list" time="0.064" /><testcase classname="workbench.tests.unit.test_query_builder" name="test_where_in_with_empty_list" time="0.069" /><testcase classname="workbench.tests.unit.test_query_builder" name="test_where_not_in" time="0.073" /><testcase classname="workbench.tests.unit.test_query_builder" name="test_where_like_pattern" time="0.066" /><testcase classname="workbench.tests.unit.test_query_builder" name="test_where_between_range" time="0.070" /><testcase classname="workbench.tests.unit.test_query_builder" name="test_order_by_ascending" time="0.115" /><testcase classname="workbench.tests.unit.test_query_builder" name="test_order_by_descending" time="0.093" /><testcase classname="workbench.tests.unit.test_query_builder" name="test_multiple_order_by_clauses" time="0.115" /><testcase classname="workbench.tests.unit.test_query_builder" name="test_latest_defaults_to_id" time="0.092" /><testcase classname="workbench.tests.unit.test_query_builder" name="test_oldest_defaults_to_id" time="0.174" /><testcase classname="workbench.tests.unit.test_query_builder" name="test_limit_results" time="0.068" /><testcase classname="workbench.tests.unit.test_query_builder" name="test_offset_results" time="0.071" /><testcase classname="workbench.tests.unit.test_query_builder" name="test_limit_and_offset_combined" time="0.083" /><testcase classname="workbench.tests.unit.test_query_builder" name="test_paginate_first_page" time="0.082" /><testcase classname="workbench.tests.unit.test_query_builder" name="test_paginate_second_page_calculates_offset" time="0.071" /><testcase classname="workbench.tests.unit.test_query_builder" name="test_get_returns_all_results" time="0.065" /><testcase classname="workbench.tests.unit.test_query_builder" name="test_get_with_filters_applied" time="0.063" /><testcase classname="workbench.tests.unit.test_query_builder" name="test_first_returns_one_result" time="0.067" /><testcase classname="workbench.tests.unit.test_query_builder" name="test_first_returns_none_when_empty" time="0.071" /><testcase classname="workbench.tests.unit.test_query_builder" name="test_first_or_fail_returns_result" time="0.069" /><testcase classname="workbench.tests.unit.test_query_builder" name="test_first_or_fail_raises_404" time="0.065" /><testcase classname="workbench.tests.unit.test_query_builder" name="test_count_all_records" time="0.069" /><testcase classname="workbench.tests.unit.test_query_builder" name="test_count_with_filters" time="0.065" /><testcase classname="workbench.tests.unit.test_query_builder" name="test_exists_returns_true" time="0.069" /><testcase classname="workbench.tests.unit.test_query_builder" name="test_exists_returns_false" time="0.069" /><testcase classname="workbench.tests.unit.test_query_builder" name="test_pluck_extracts_column_values" time="0.062" /><testcase classname="workbench.tests.unit.test_query_builder" name="test_pluck_with_filters" time="0.066" /><testcase classname="workbench.tests.unit.test_query_builder" name="test_to_sql_generates_query_string" time="0.059" /><testcase classname="workbench.tests.unit.test_query_builder" name="test_query_builder_preserves_generic_type" time="0.050" /><testcase classname="workbench.tests.unit.test_query_builder" name="test_get_returns_correct_model_type" time="0.068" /><testcase classname="workbench.tests.unit.test_query_builder" name="test_chaining_preserves_type" time="0.054" /><testcase classname="workbench.tests.unit.test_query_builder" name="test_complex_query_multiple_filters" time="0.067" /><testcase classname="workbench.tests.unit.test_query_builder" name="test_empty_query_returns_empty_list" time="0.065" /><testcase classname="workbench.tests.unit.test_query_builder_advanced" name="test_nested_eager_loading_single_level" time="0.071" /><testcase classname="workbench.tests.unit.test_query_builder_advanced" name="test_nested_eager_loading_two_levels" time="0.074" /><testcase classname="workbench.tests.unit.test_query_builder_advanced" name="test_nested_eager_loading_multiple_paths" time="0.085" /><testcase classname="workbench.tests.unit.test_query_builder_advanced" name="test_nested_eager_loading_invalid_relationship" time="0.054" /><testcase classname="workbench.tests.unit.test_query_builder_advanced" name="test_nested_eager_loading_mixed_notation" time="0.077" /><testcase classname="workbench.tests.unit.test_query_builder_advanced" name="test_global_scope_excludes_soft_deleted_by_default" time="0.060" /><testcase classname="workbench.tests.unit.test_query_builder_advanced" name="test_global_scope_with_trashed_includes_deleted" time="0.060" /><testcase classname="workbench.tests.unit.test_query_builder_advanced" name="test_global_scope_only_trashed_shows_deleted_only" time="0.061" /><testcase classname="workbench.tests.unit.test_query_builder_advanced" name="test_global_scope_applies_to_count" time="0.067" /><testcase classname="workbench.tests.unit.test_query_builder_advanced" name="test_global_scope_applies_to_first" time="0.068" /><testcase classname="workbench.tests.unit.test_query_builder_advanced" name="test_global_scope_applies_to_pluck" time="0.070" /><testcase classname="workbench.tests.unit.test_query_builder_advanced" name="test_global_scope_does_not_apply_to_models_without_mixin" time="0.065" /><testcase classname="workbench.tests.unit.test_query_builder_advanced" name="test_local_scope_with_static_method" time="0.062" /><testcase classname="workbench.tests.unit.test_query_builder_advanced" name="test_local_scope_with_lambda" time="0.064" /><testcase classname="workbench.tests.unit.test_query_builder_advanced" name="test_local_scope_chaining_multiple" time="0.058" /><testcase classname="workbench.tests.unit.test_query_builder_advanced" name="test_where_has_one_to_many" time="0.066" /><testcase classname="workbench.tests.unit.test_query_builder_advanced" name="test_where_has_many_to_one" time="0.062" /><testcase classname="workbench.tests.unit.test_query_builder_advanced" name="test_where_has_combined_with_where" time="0.068" /><testcase classname="workbench.tests.unit.test_query_builder_advanced" name="test_where_has_invalid_relationship" time="0.052" /><testcase classname="workbench.tests.unit.test_query_builder_advanced" name="test_where_has_with_non_relationship_attribute" time="0.052" /><testcase classname="workbench.tests.unit.test_query_builder_advanced" name="test_integration_nested_loading_with_global_scope" time="0.081" /><testcase classname="workbench.tests.unit.test_query_builder_advanced" name="test_integration_all_features_combined" time="0.085" /><testcase classname="workbench.tests.unit.test_query_builder_pagination.TestQueryBuilderPaginate" name="test_paginate_returns_length_aware_paginator" time="0.012" /><testcase classname="workbench.tests.unit.test_query_builder_pagination.TestQueryBuilderPaginate" name="test_paginate_with_where_clause_reflects_in_count" time="0.018" /><testcase classname="workbench.tests.unit.test_query_builder_pagination.TestQueryBuilderPaginate" name="test_paginate_normalizes_negative_page_to_1" time="0.011" /><testcase classname="workbench.tests.unit.test_query_builder_pagination.TestQueryBuilderPaginate" name="test_paginate_normalizes_zero_per_page_to_1" time="0.010" /><testcase classname="workbench.tests.unit.test_query_builder_pagination.TestQueryBuilderPaginate" name="test_paginate_empty_results_returns_empty_paginator" time="0.010" /><testcase classname="workbench.tests.unit.test_query_builder_pagination.TestQueryBuilderPaginate" name="test_paginate_page_beyond_last_returns_empty_items" time="0.010" /><testcase classname="workbench.tests.unit.test_query_builder_pagination.TestQueryBuilderPaginate" name="test_paginate_applies_global_scopes" time="0.009" /><testcase classname="workbench.tests.unit.test_query_builder_pagination.TestQueryBuilderCursorPaginate" name="test_cursor_paginate_returns_cursor_paginator" time="0.011" /><testcase classname="workbench.tests.unit.test_query_builder_pagination.TestQueryBuilderCursorPaginate" name="test_cursor_paginate_no_more_pages" time="0.010" /><testcase classname="workbench.tests.unit.test_query_builder_pagination.TestQueryBuilderCursorPaginate" name="test_cursor_paginate_with_cursor_uses_where_clause" time="0.010" /><testcase classname="workbench.tests.unit.test_query_builder_pagination.TestQueryBuilderCursorPaginate" name="test_cursor_paginate_ascending_order" time="0.010" /><testcase classname="workbench.tests.unit.test_query_builder_pagination.TestQueryBuilderCursorPaginate" name="test_cursor_paginate_descending_order" time="0.011" /><testcase classname="workbench.tests.unit.test_query_builder_pagination.TestQueryBuilderCursorPaginate" name="test_cursor_paginate_custom_cursor_column" time="0.010" /><testcase classname="workbench.tests.unit.test_query_builder_pagination.TestQueryBuilderCursorPaginate" name="test_cursor_paginate_with_filters" time="0.014" /><testcase classname="workbench.tests.unit.test_query_builder_pagination.TestQueryBuilderCursorPaginate" name="test_cursor_paginate_empty_results" time="0.009" /><testcase classname="workbench.tests.unit.test_query_builder_pagination.TestQueryBuilderCursorPaginate" name="test_cursor_paginate_exactly_per_page_items" time="0.010" /><testcase classname="workbench.tests.unit.test_query_builder_pagination.TestQueryBuilderCursorPaginate" name="test_cursor_paginate_invalid_cursor_column_raises_error" time="0.009" /><testcase classname="workbench.tests.unit.test_query_builder_pagination.TestPaginationIntegration" name="test_repository_paginate_delegates_to_query_builder" time="0.011" /><testcase classname="workbench.tests.unit.test_query_builder_pagination.TestPaginationIntegration" name="test_query_builder_paginate_is_terminal_method" time="0.009" /><testcase classname="workbench.tests.unit.test_query_builder_pagination.TestPaginationIntegration" name="test_cursor_paginate_is_terminal_method" time="0.011" /><testcase classname="workbench.tests.unit.test_repository" name="test_create_user" time="0.061" /><testcase classname="workbench.tests.unit.test_repository" name="test_create_multiple_users" time="0.060" /><testcase classname="workbench.tests.unit.test_repository" name="test_find_user_by_id" time="0.056" /><testcase classname="workbench.tests.unit.test_repository" name="test_find_nonexistent_user_returns_none" time="0.053" /><testcase classname="workbench.tests.unit.test_repository" name="test_find_or_fail_returns_user" time="0.058" /><testcase classname="workbench.tests.unit.test_repository" name="test_find_or_fail_raises_404" time="0.056" /><testcase classname="workbench.tests.unit.test_repository" name="test_all_returns_all_users" time="0.066" /><testcase classname="workbench.tests.unit.test_repository" name="test_all_with_pagination" time="0.070" /><testcase classname="workbench.tests.unit.test_repository" name="test_update_user" time="0.054" /><testcase classname="workbench.tests.unit.test_repository" name="test_update_multiple_fields" time="0.059" /><testcase classname="workbench.tests.unit.test_repository" name="test_delete_user" time="0.064" /><testcase classname="workbench.tests.unit.test_repository" name="test_delete_does_not_affect_other_users" time="0.056" /><testcase classname="workbench.tests.unit.test_repository" name="test_count_empty_table" time="0.059" /><testcase classname="workbench.tests.unit.test_repository" name="test_count_with_records" time="0.063" /><testcase classname="workbench.tests.unit.test_repository" name="test_count_after_delete" time="0.068" /><testcase classname="workbench.tests.unit.test_repository" name="test_find_by_email" time="0.058" /><testcase classname="workbench.tests.unit.test_repository" name="test_find_by_email_not_found" time="0.054" /><testcase classname="workbench.tests.unit.test_resources" name="test_resource_make" time="0.002" /><testcase classname="workbench.tests.unit.test_resources" name="test_resource_to_array" time="0.002" /><testcase classname="workbench.tests.unit.test_resources" name="test_resource_resolve_wraps_data" time="0.002" /><testcase classname="workbench.tests.unit.test_resources" name="test_resource_not_implemented_error" time="0.003" /><testcase classname="workbench.tests.unit.test_resources" name="test_when_true_returns_value" time="0.002" /><testcase classname="workbench.tests.unit.test_resources" name="test_when_false_returns_missing" time="0.002" /><testcase classname="workbench.tests.unit.test_resources" name="test_when_false_with_default_returns_default" time="0.002" /><testcase classname="workbench.tests.unit.test_resources" name="test_conditional_field_included_when_true" time="0.003" /><testcase classname="workbench.tests.unit.test_resources" name="test_conditional_field_excluded_when_false" time="0.002" /><testcase classname="workbench.tests.unit.test_resources" name="test_when_loaded_not_loaded_returns_missing" time="0.002" /><testcase classname="workbench.tests.unit.test_resources" name="test_when_loaded_loaded_returns_value" time="0.002" /><testcase classname="workbench.tests.unit.test_resources" name="test_resource_without_loaded_relationship" time="0.002" /><testcase classname="workbench.tests.unit.test_resources" name="test_resource_with_loaded_relationship" time="0.002" /><testcase classname="workbench.tests.unit.test_resources" name="test_resource_collection" time="0.002" /><testcase classname="workbench.tests.unit.test_resources" name="test_collection_resolve_transforms_all" time="0.002" /><testcase classname="workbench.tests.unit.test_resources" name="test_collection_empty_list" time="0.002" /><testcase classname="workbench.tests.unit.test_resources" name="test_collection_filters_missing_values" time="0.002" /><testcase classname="workbench.tests.unit.test_resources" name="test_resource_generic_type" time="0.002" /><testcase classname="workbench.tests.unit.test_resources" name="test_collection_generic_type" time="0.002" /><testcase classname="workbench.tests.unit.test_resources" name="test_missing_is_singleton" time="0.002" /><testcase classname="workbench.tests.unit.test_resources" name="test_missing_not_none" time="0.002" /><testcase classname="workbench.tests.unit.test_resources" name="test_missing_not_equal_to_anything" time="0.002" /><testcase classname="workbench.tests.unit.test_resources" name="test_full_transformation_pipeline" time="0.002" /><testcase classname="workbench.tests.unit.test_resources" name="test_collection_transformation_pipeline" time="0.002" /><testcase classname="workbench.tests.unit.test_schedule" name="test_scheduled_task_creation" time="0.002" /><testcase classname="workbench.tests.unit.test_schedule" name="test_scheduled_task_defaults" time="0.002" /><testcase classname="workbench.tests.unit.test_schedule" name="test_scheduled_task_is_cron" time="0.003" /><testcase classname="workbench.tests.unit.test_schedule" name="test_scheduled_task_repr" time="0.002" /><testcase classname="workbench.tests.unit.test_schedule" name="test_schedule_registry_register" time="0.002" /><testcase classname="workbench.tests.unit.test_schedule" name="test_schedule_registry_get_task" time="0.002" /><testcase classname="workbench.tests.unit.test_schedule" name="test_schedule_registry_clear" time="0.002" /><testcase classname="workbench.tests.unit.test_schedule" name="test_schedule_cron_decorator" time="0.002" /><testcase classname="workbench.tests.unit.test_schedule" name="test_schedule_cron_with_custom_name" time="0.002" /><testcase classname="workbench.tests.unit.test_schedule" name="test_schedule_cron_with_description" time="0.003" /><testcase classname="workbench.tests.unit.test_schedule" name="test_schedule_cron_common_patterns" time="0.002" /><testcase classname="workbench.tests.unit.test_schedule" name="test_schedule_every_decorator" time="0.002" /><testcase classname="workbench.tests.unit.test_schedule" name="test_schedule_every_with_custom_name" time="0.002" /><testcase classname="workbench.tests.unit.test_schedule" name="test_schedule_every_common_intervals" time="0.002" /><testcase classname="workbench.tests.unit.test_schedule" name="test_mixed_cron_and_interval" time="0.002" /><testcase classname="workbench.tests.unit.test_schedule" name="test_list_scheduled_tasks" time="0.002" /><testcase classname="workbench.tests.unit.test_schedule" name="test_run_task_by_name" time="0.004" /><testcase classname="workbench.tests.unit.test_schedule" name="test_run_task_by_name_with_context" time="0.004" /><testcase classname="workbench.tests.unit.test_schedule" name="test_run_task_by_name_not_found" time="0.005" /><testcase classname="workbench.tests.unit.test_schedule" name="test_decorator_preserves_function" time="0.002" /><testcase classname="workbench.tests.unit.test_schedule" name="test_decorated_function_still_callable" time="0.004" /><testcase classname="workbench.tests.unit.test_storage" name="test_memory_driver_put_and_get" time="0.004" /><testcase classname="workbench.tests.unit.test_storage" name="test_memory_driver_put_string" time="0.004" /><testcase classname="workbench.tests.unit.test_storage" name="test_memory_driver_put_file_object" time="0.004" /><testcase classname="workbench.tests.unit.test_storage" name="test_memory_driver_exists" time="0.004" /><testcase classname="workbench.tests.unit.test_storage" name="test_memory_driver_delete" time="0.004" /><testcase classname="workbench.tests.unit.test_storage" name="test_memory_driver_size" time="0.004" /><testcase classname="workbench.tests.unit.test_storage" name="test_memory_driver_size_not_found" time="0.004" /><testcase classname="workbench.tests.unit.test_storage" name="test_memory_driver_last_modified" time="0.004" /><testcase classname="workbench.tests.unit.test_storage" name="test_memory_driver_url" time="0.004" /><testcase classname="workbench.tests.unit.test_storage" name="test_memory_driver_path" time="0.004" /><testcase classname="workbench.tests.unit.test_storage" name="test_memory_driver_flush" time="0.004" /><testcase classname="workbench.tests.unit.test_storage" name="test_memory_driver_all_paths" time="0.004" /><testcase classname="workbench.tests.unit.test_storage" name="test_local_driver_put_and_get" time="0.009" /><testcase classname="workbench.tests.unit.test_storage" name="test_local_driver_create_directory" time="0.009" /><testcase classname="workbench.tests.unit.test_storage" name="test_local_driver_exists" time="0.008" /><testcase classname="workbench.tests.unit.test_storage" name="test_local_driver_delete" time="0.009" /><testcase classname="workbench.tests.unit.test_storage" name="test_local_driver_size" time="0.008" /><testcase classname="workbench.tests.unit.test_storage" name="test_local_driver_last_modified" time="0.008" /><testcase classname="workbench.tests.unit.test_storage" name="test_local_driver_url" time="0.004" /><testcase classname="workbench.tests.unit.test_storage" name="test_local_driver_path" time="0.005" /><testcase classname="workbench.tests.unit.test_storage" name="test_storage_manager_singleton" time="0.004" /><testcase classname="workbench.tests.unit.test_storage" name="test_storage_put_and_get" time="0.009" /><testcase classname="workbench.tests.unit.test_storage" name="test_storage_exists" time="0.004" /><testcase classname="workbench.tests.unit.test_storage" name="test_storage_delete" time="0.008" /><testcase classname="workbench.tests.unit.test_storage" name="test_storage_size" time="0.008" /><testcase classname="workbench.tests.unit.test_storage" name="test_storage_url" time="0.004" /><testcase classname="workbench.tests.unit.test_storage" name="test_storage_disk" time="0.004" /><testcase classname="workbench.tests.validation.test_form_request" name="test_form_request_inherits_from_pydantic" time="0.167" /><testcase classname="workbench.tests.validation.test_form_request" name="test_form_request_pydantic_validation_works" time="0.052" /><testcase classname="workbench.tests.validation.test_form_request" name="test_form_request_default_authorize_returns_true" time="0.054" /><testcase classname="workbench.tests.validation.test_form_request" name="test_form_request_default_rules_does_nothing" time="0.056" /><testcase classname="workbench.tests.validation.test_form_request" name="test_form_request_stop_raises_http_exception" time="0.050" /><testcase classname="workbench.tests.validation.test_form_request" name="test_rule_unique_passes_when_value_is_unique" time="0.056" /><testcase classname="workbench.tests.validation.test_form_request" name="test_rule_unique_fails_when_value_exists" time="0.059" /><testcase classname="workbench.tests.validation.test_form_request" name="test_rule_unique_ignores_specified_id" time="0.064" /><testcase classname="workbench.tests.validation.test_form_request" name="test_rule_exists_passes_when_value_exists" time="0.060" /><testcase classname="workbench.tests.validation.test_form_request" name="test_rule_exists_fails_when_value_not_exists" time="0.057" /><testcase classname="workbench.tests.validation.test_form_request" name="test_validate_dependency_with_valid_data" time="0.001"><skipped type="pytest.skip" message="Integration test requires full FastTrackFramework setup">/app/larafast/workbench/tests/validation/test_form_request.py:307: Integration test requires full FastTrackFramework setup</skipped></testcase><testcase classname="workbench.tests.validation.test_form_request" name="test_form_request_authorize_failure_returns_403" time="0.051" /><testcase classname="workbench.tests.validation.test_form_request" name="test_form_request_rules_failure_returns_422" time="0.061" /><testcase classname="workbench.tests.validation.test_form_request" name="test_form_request_generates_openapi_schema" time="0.023" /><testcase classname="workbench.tests.validation.test_form_request" name="test_update_user_with_same_email_passes" time="0.062" /><testcase classname="workbench.tests.validation.test_form_request" name="test_update_user_with_duplicate_email_fails" time="0.064" /><testcase classname="workbench.tests.validation.test_form_request" name="test_validation_error_format_matches_fastapi" time="0.067" /></testsuite></testsuites>